# C:\Users\coren\AppData\Local\opam\default\bin\dune.exe runtest tests/type/
# OCAMLPARAM: unset
# Shared cache: disabled
# Shared cache location:
# C:\Users\coren\AppData\Local\Microsoft\Windows\INetCache\dune\db
# Workspace root: "C:\\Users\\coren\\Documents\\Projets\\Projet_TDL"
# Auto-detected concurrency: 16
# Dune context:
#  { name = "default"
#  ; kind = "default"
#  ; profile = Dev
#  ; merlin = true
#  ; fdo_target_exe = None
#  ; build_dir = In_build_dir "default"
#  ; instrument_with = []
#  }
$ C:\Users\coren\AppData\Local\opam\default\bin\ocamlc.opt.exe -config > C:\Users\coren\AppData\Local\Temp\dune_9f8d32_output
$ (cd _build/default && .ppx/423b3c0918a91461d11b9cd1259aca91/ppx.exe --cookie "inline_tests=\"enabled\"" --cookie "library-name=\"rat\"" -o passeTypeRat.pp.ml --impl passeTypeRat.ml -corrected-suffix .ppx-corrected -diff-cmd - -dump-ast)
$ (cd _build/default && C:\Users\coren\AppData\Local\opam\default\bin\ocamldep.opt.exe -modules -impl passeTypeRat.pp.ml) > _build/default/.rat.objs/rat__PasseTypeRat.impl.d
$ (cd _build/default && C:\Users\coren\AppData\Local\opam\default\bin\ocamlc.opt.exe -w @1..3@5..28@30..39@43@46..47@49..57@61..62-40 -strict-sequence -strict-formats -short-paths -keep-locs -warn-error -A -g -bin-annot -bin-annot-occurrences -I .rat.objs/byte -I C:/Users/coren/AppData/Local/opam/default/lib/ocaml\unix -I C:\Users\coren\AppData\Local\opam\default\lib\base -I C:\Users\coren\AppData\Local\opam\default\lib\base\base_internalhash_types -I C:\Users\coren\AppData\Local\opam\default\lib\base\shadow_stdlib -I C:\Users\coren\AppData\Local\opam\default\lib\jane-street-headers -I C:\Users\coren\AppData\Local\opam\default\lib\ocaml_intrinsics_kernel -I C:\Users\coren\AppData\Local\opam\default\lib\ppx_compare\runtime-lib -I C:\Users\coren\AppData\Local\opam\default\lib\ppx_enumerate\runtime-lib -I C:\Users\coren\AppData\Local\opam\default\lib\ppx_expect\config -I C:\Users\coren\AppData\Local\opam\default\lib\ppx_expect\config_types -I C:\Users\coren\AppData\Local\opam\default\lib\ppx_expect\make_corrected_file -I C:\Users\coren\AppData\Local\opam\default\lib\ppx_expect\runtime -I C:\Users\coren\AppData\Local\opam\default\lib\ppx_hash\runtime-lib -I C:\Users\coren\AppData\Local\opam\default\lib\ppx_here\runtime-lib -I C:\Users\coren\AppData\Local\opam\default\lib\ppx_inline_test\config -I C:\Users\coren\AppData\Local\opam\default\lib\ppx_inline_test\runtime-lib -I C:\Users\coren\AppData\Local\opam\default\lib\ppx_sexp_conv\runtime-lib -I C:\Users\coren\AppData\Local\opam\default\lib\ppxlib\print_diff -I C:\Users\coren\AppData\Local\opam\default\lib\sexplib0 -I C:\Users\coren\AppData\Local\opam\default\lib\stdio -I C:\Users\coren\AppData\Local\opam\default\lib\time_now -no-alias-deps -opaque -open Rat -o .rat.objs/byte/rat__PasseTypeRat.cmo -c -impl passeTypeRat.pp.ml)
> File "passeTypeRat.ml", line 27, characters 8-32:
> 27 | let rec analyse_type_instruction tds oia i = 
>              ^^^^^^^^^^^^^^^^^^^^^^^^
> Warning 39 [unused-rec-flag]: unused rec flag.
>
> File "passeTypeRat.ml", line 4, characters 0-15:
> 4 | open Exceptions
>     ^^^^^^^^^^^^^^^
> Warning 33 [unused-open]: unused open Rat.Exceptions.
>
> File "passeTypeRat.ml", line 17, characters 28-31:
> 17 | let analyse_type_expression tds e = (AstType.Booleen true) (* failwith "todo"*)
>                                  ^^^
> Warning 27 [unused-var-strict]: unused variable tds.
>
> File "passeTypeRat.ml", line 17, characters 32-33:
> 17 | let analyse_type_expression tds e = (AstType.Booleen true) (* failwith "todo"*)
>                                      ^
> Warning 27 [unused-var-strict]: unused variable e.
>
> File "passeTypeRat.ml", line 27, characters 33-36:
> 27 | let rec analyse_type_instruction tds oia i = 
>                                       ^^^
> Warning 27 [unused-var-strict]: unused variable tds.
>
> File "passeTypeRat.ml", line 27, characters 37-40:
> 27 | let rec analyse_type_instruction tds oia i = 
>                                           ^^^
> Warning 27 [unused-var-strict]: unused variable oia.
>
> File "passeTypeRat.ml", line 27, characters 41-42:
> 27 | let rec analyse_type_instruction tds oia i = 
>                                               ^
> Warning 27 [unused-var-strict]: unused variable i.
>
> File "passeTypeRat.ml", line 38, characters 22-25:
> 38 | and analyse_type_bloc tds oia li = 
>                            ^^^
> Warning 27 [unused-var-strict]: unused variable tds.
>
> File "passeTypeRat.ml", line 38, characters 26-29:
> 38 | and analyse_type_bloc tds oia li = 
>                                ^^^
> Warning 27 [unused-var-strict]: unused variable oia.
>
> File "passeTypeRat.ml", line 38, characters 30-32:
> 38 | and analyse_type_bloc tds oia li = 
>                                    ^^
> Warning 27 [unused-var-strict]: unused variable li.
>
> File "passeTypeRat.ml", line 47, characters 26-33:
> 47 | let analyse_type_fonction maintds (AstTds.Fonction(t,n,lp,li))  =
>                                ^^^^^^^
> Warning 27 [unused-var-strict]: unused variable maintds.
>
> File "passeTypeRat.ml", line 47, characters 51-52:
> 47 | let analyse_type_fonction maintds (AstTds.Fonction(t,n,lp,li))  =
>                                                         ^
> Warning 27 [unused-var-strict]: unused variable t.
>
> File "passeTypeRat.ml", line 47, characters 53-54:
> 47 | let analyse_type_fonction maintds (AstTds.Fonction(t,n,lp,li))  =
>                                                           ^
> Warning 27 [unused-var-strict]: unused variable n.
>
> File "passeTypeRat.ml", line 47, characters 55-57:
> 47 | let analyse_type_fonction maintds (AstTds.Fonction(t,n,lp,li))  =
>                                                             ^^
> Warning 27 [unused-var-strict]: unused variable lp.
>
> File "passeTypeRat.ml", line 47, characters 58-60:
> 47 | let analyse_type_fonction maintds (AstTds.Fonction(t,n,lp,li))  =
>                                                                ^^
> Warning 27 [unused-var-strict]: unused variable li.
$ (cd _build/default && C:\Users\coren\AppData\Local\opam\default\bin\ocamlc.opt.exe -w @1..3@5..28@30..39@43@46..47@49..57@61..62-40 -strict-sequence -strict-formats -short-paths -keep-locs -warn-error -A -w -24 -g -g -bin-annot -bin-annot-occurrences -I tests/type/.type.inline-tests/.type.inline-tests.eobjs/byte -I C:/Users/coren/AppData/Local/opam/default/lib/ocaml\unix -I C:\Users\coren\AppData\Local\opam\default\lib\base -I C:\Users\coren\AppData\Local\opam\default\lib\base\base_internalhash_types -I C:\Users\coren\AppData\Local\opam\default\lib\base\shadow_stdlib -I C:\Users\coren\AppData\Local\opam\default\lib\jane-street-headers -I C:\Users\coren\AppData\Local\opam\default\lib\ocaml_intrinsics_kernel -I C:\Users\coren\AppData\Local\opam\default\lib\ppx_compare\runtime-lib -I C:\Users\coren\AppData\Local\opam\default\lib\ppx_enumerate\runtime-lib -I C:\Users\coren\AppData\Local\opam\default\lib\ppx_expect\config -I C:\Users\coren\AppData\Local\opam\default\lib\ppx_expect\config_types -I C:\Users\coren\AppData\Local\opam\default\lib\ppx_expect\evaluator -I C:\Users\coren\AppData\Local\opam\default\lib\ppx_expect\make_corrected_file -I C:\Users\coren\AppData\Local\opam\default\lib\ppx_expect\runtime -I C:\Users\coren\AppData\Local\opam\default\lib\ppx_hash\runtime-lib -I C:\Users\coren\AppData\Local\opam\default\lib\ppx_here\runtime-lib -I C:\Users\coren\AppData\Local\opam\default\lib\ppx_inline_test\config -I C:\Users\coren\AppData\Local\opam\default\lib\ppx_inline_test\runner/lib -I C:\Users\coren\AppData\Local\opam\default\lib\ppx_inline_test\runtime-lib -I C:\Users\coren\AppData\Local\opam\default\lib\ppx_sexp_conv\runtime-lib -I C:\Users\coren\AppData\Local\opam\default\lib\ppxlib\print_diff -I C:\Users\coren\AppData\Local\opam\default\lib\sexplib0 -I C:\Users\coren\AppData\Local\opam\default\lib\stdio -I C:\Users\coren\AppData\Local\opam\default\lib\time_now -I .rat.objs/byte -I tests/type/.type.objs/byte -no-alias-deps -o tests/type/.type.inline-tests/.type.inline-tests.eobjs/byte/dune__exe__Inline_test_runner_type.cmo -c -impl tests/type/.type.inline-tests/inline_test_runner_type.ml-gen)
$ (cd _build/default && C:\Users\coren\AppData\Local\opam\default\bin\ocamlc.opt.exe -w @1..3@5..28@30..39@43@46..47@49..57@61..62-40 -strict-sequence -strict-formats -short-paths -keep-locs -warn-error -A -g -bin-annot -bin-annot-occurrences -I tests/type/avec_fonction/.avec_fonction_type.objs/byte -I C:/Users/coren/AppData/Local/opam/default/lib/ocaml\unix -I C:\Users\coren\AppData\Local\opam\default\lib\base -I C:\Users\coren\AppData\Local\opam\default\lib\base\base_internalhash_types -I C:\Users\coren\AppData\Local\opam\default\lib\base\shadow_stdlib -I C:\Users\coren\AppData\Local\opam\default\lib\jane-street-headers -I C:\Users\coren\AppData\Local\opam\default\lib\ocaml_intrinsics_kernel -I C:\Users\coren\AppData\Local\opam\default\lib\ppx_compare\runtime-lib -I C:\Users\coren\AppData\Local\opam\default\lib\ppx_enumerate\runtime-lib -I C:\Users\coren\AppData\Local\opam\default\lib\ppx_expect\config -I C:\Users\coren\AppData\Local\opam\default\lib\ppx_expect\config_types -I C:\Users\coren\AppData\Local\opam\default\lib\ppx_expect\make_corrected_file -I C:\Users\coren\AppData\Local\opam\default\lib\ppx_expect\runtime -I C:\Users\coren\AppData\Local\opam\default\lib\ppx_hash\runtime-lib -I C:\Users\coren\AppData\Local\opam\default\lib\ppx_here\runtime-lib -I C:\Users\coren\AppData\Local\opam\default\lib\ppx_inline_test\config -I C:\Users\coren\AppData\Local\opam\default\lib\ppx_inline_test\runtime-lib -I C:\Users\coren\AppData\Local\opam\default\lib\ppx_sexp_conv\runtime-lib -I C:\Users\coren\AppData\Local\opam\default\lib\ppxlib\print_diff -I C:\Users\coren\AppData\Local\opam\default\lib\sexplib0 -I C:\Users\coren\AppData\Local\opam\default\lib\stdio -I C:\Users\coren\AppData\Local\opam\default\lib\time_now -I .rat.objs/byte -no-alias-deps -opaque -open Avec_fonction_type -o tests/type/avec_fonction/.avec_fonction_type.objs/byte/avec_fonction_type__Test.cmo -c -impl tests/type/avec_fonction/test.pp.ml)
$ (cd _build/default && C:\Users\coren\AppData\Local\opam\default\bin\ocamlc.opt.exe -w @1..3@5..28@30..39@43@46..47@49..57@61..62-40 -strict-sequence -strict-formats -short-paths -keep-locs -warn-error -A -g -bin-annot -bin-annot-occurrences -I tests/type/sans_fonction/.sans_fonction_type.objs/byte -I C:/Users/coren/AppData/Local/opam/default/lib/ocaml\unix -I C:\Users\coren\AppData\Local\opam\default\lib\base -I C:\Users\coren\AppData\Local\opam\default\lib\base\base_internalhash_types -I C:\Users\coren\AppData\Local\opam\default\lib\base\shadow_stdlib -I C:\Users\coren\AppData\Local\opam\default\lib\jane-street-headers -I C:\Users\coren\AppData\Local\opam\default\lib\ocaml_intrinsics_kernel -I C:\Users\coren\AppData\Local\opam\default\lib\ppx_compare\runtime-lib -I C:\Users\coren\AppData\Local\opam\default\lib\ppx_enumerate\runtime-lib -I C:\Users\coren\AppData\Local\opam\default\lib\ppx_expect\config -I C:\Users\coren\AppData\Local\opam\default\lib\ppx_expect\config_types -I C:\Users\coren\AppData\Local\opam\default\lib\ppx_expect\make_corrected_file -I C:\Users\coren\AppData\Local\opam\default\lib\ppx_expect\runtime -I C:\Users\coren\AppData\Local\opam\default\lib\ppx_hash\runtime-lib -I C:\Users\coren\AppData\Local\opam\default\lib\ppx_here\runtime-lib -I C:\Users\coren\AppData\Local\opam\default\lib\ppx_inline_test\config -I C:\Users\coren\AppData\Local\opam\default\lib\ppx_inline_test\runtime-lib -I C:\Users\coren\AppData\Local\opam\default\lib\ppx_sexp_conv\runtime-lib -I C:\Users\coren\AppData\Local\opam\default\lib\ppxlib\print_diff -I C:\Users\coren\AppData\Local\opam\default\lib\sexplib0 -I C:\Users\coren\AppData\Local\opam\default\lib\stdio -I C:\Users\coren\AppData\Local\opam\default\lib\time_now -I .rat.objs/byte -no-alias-deps -opaque -open Sans_fonction_type -o tests/type/sans_fonction/.sans_fonction_type.objs/byte/sans_fonction_type__Test.cmo -c -impl tests/type/sans_fonction/test.pp.ml)
$ (cd _build/default && C:\Users\coren\AppData\Local\opam\default\bin\ocamlc.opt.exe -w @1..3@5..28@30..39@43@46..47@49..57@61..62-40 -strict-sequence -strict-formats -short-paths -keep-locs -warn-error -A -w -24 -g -g -bin-annot -bin-annot-occurrences -I tests/type/avec_fonction/.avec_fonction_type.inline-tests/.avec_fonction_type.inline-tests.eobjs/byte -I C:/Users/coren/AppData/Local/opam/default/lib/ocaml\unix -I C:\Users\coren\AppData\Local\opam\default\lib\base -I C:\Users\coren\AppData\Local\opam\default\lib\base\base_internalhash_types -I C:\Users\coren\AppData\Local\opam\default\lib\base\shadow_stdlib -I C:\Users\coren\AppData\Local\opam\default\lib\jane-street-headers -I C:\Users\coren\AppData\Local\opam\default\lib\ocaml_intrinsics_kernel -I C:\Users\coren\AppData\Local\opam\default\lib\ppx_compare\runtime-lib -I C:\Users\coren\AppData\Local\opam\default\lib\ppx_enumerate\runtime-lib -I C:\Users\coren\AppData\Local\opam\default\lib\ppx_expect\config -I C:\Users\coren\AppData\Local\opam\default\lib\ppx_expect\config_types -I C:\Users\coren\AppData\Local\opam\default\lib\ppx_expect\evaluator -I C:\Users\coren\AppData\Local\opam\default\lib\ppx_expect\make_corrected_file -I C:\Users\coren\AppData\Local\opam\default\lib\ppx_expect\runtime -I C:\Users\coren\AppData\Local\opam\default\lib\ppx_hash\runtime-lib -I C:\Users\coren\AppData\Local\opam\default\lib\ppx_here\runtime-lib -I C:\Users\coren\AppData\Local\opam\default\lib\ppx_inline_test\config -I C:\Users\coren\AppData\Local\opam\default\lib\ppx_inline_test\runner/lib -I C:\Users\coren\AppData\Local\opam\default\lib\ppx_inline_test\runtime-lib -I C:\Users\coren\AppData\Local\opam\default\lib\ppx_sexp_conv\runtime-lib -I C:\Users\coren\AppData\Local\opam\default\lib\ppxlib\print_diff -I C:\Users\coren\AppData\Local\opam\default\lib\sexplib0 -I C:\Users\coren\AppData\Local\opam\default\lib\stdio -I C:\Users\coren\AppData\Local\opam\default\lib\time_now -I .rat.objs/byte -I tests/type/avec_fonction/.avec_fonction_type.objs/byte -no-alias-deps -o tests/type/avec_fonction/.avec_fonction_type.inline-tests/.avec_fonction_type.inline-tests.eobjs/byte/dune__exe__Inline_test_runner_avec_fonction_type.cmo -c -impl tests/type/avec_fonction/.avec_fonction_type.inline-tests/inline_test_runner_avec_fonction_type.ml-gen)
$ (cd _build/default && C:\Users\coren\AppData\Local\opam\default\bin\ocamlc.opt.exe -w @1..3@5..28@30..39@43@46..47@49..57@61..62-40 -strict-sequence -strict-formats -short-paths -keep-locs -warn-error -A -w -24 -g -g -bin-annot -bin-annot-occurrences -I tests/type/sans_fonction/.sans_fonction_type.inline-tests/.sans_fonction_type.inline-tests.eobjs/byte -I C:/Users/coren/AppData/Local/opam/default/lib/ocaml\unix -I C:\Users\coren\AppData\Local\opam\default\lib\base -I C:\Users\coren\AppData\Local\opam\default\lib\base\base_internalhash_types -I C:\Users\coren\AppData\Local\opam\default\lib\base\shadow_stdlib -I C:\Users\coren\AppData\Local\opam\default\lib\jane-street-headers -I C:\Users\coren\AppData\Local\opam\default\lib\ocaml_intrinsics_kernel -I C:\Users\coren\AppData\Local\opam\default\lib\ppx_compare\runtime-lib -I C:\Users\coren\AppData\Local\opam\default\lib\ppx_enumerate\runtime-lib -I C:\Users\coren\AppData\Local\opam\default\lib\ppx_expect\config -I C:\Users\coren\AppData\Local\opam\default\lib\ppx_expect\config_types -I C:\Users\coren\AppData\Local\opam\default\lib\ppx_expect\evaluator -I C:\Users\coren\AppData\Local\opam\default\lib\ppx_expect\make_corrected_file -I C:\Users\coren\AppData\Local\opam\default\lib\ppx_expect\runtime -I C:\Users\coren\AppData\Local\opam\default\lib\ppx_hash\runtime-lib -I C:\Users\coren\AppData\Local\opam\default\lib\ppx_here\runtime-lib -I C:\Users\coren\AppData\Local\opam\default\lib\ppx_inline_test\config -I C:\Users\coren\AppData\Local\opam\default\lib\ppx_inline_test\runner/lib -I C:\Users\coren\AppData\Local\opam\default\lib\ppx_inline_test\runtime-lib -I C:\Users\coren\AppData\Local\opam\default\lib\ppx_sexp_conv\runtime-lib -I C:\Users\coren\AppData\Local\opam\default\lib\ppxlib\print_diff -I C:\Users\coren\AppData\Local\opam\default\lib\sexplib0 -I C:\Users\coren\AppData\Local\opam\default\lib\stdio -I C:\Users\coren\AppData\Local\opam\default\lib\time_now -I .rat.objs/byte -I tests/type/sans_fonction/.sans_fonction_type.objs/byte -no-alias-deps -o tests/type/sans_fonction/.sans_fonction_type.inline-tests/.sans_fonction_type.inline-tests.eobjs/byte/dune__exe__Inline_test_runner_sans_fonction_type.cmo -c -impl tests/type/sans_fonction/.sans_fonction_type.inline-tests/inline_test_runner_sans_fonction_type.ml-gen)
$ (cd _build/default && C:\Users\coren\AppData\Local\opam\default\bin\ocamlopt.opt.exe -w @1..3@5..28@30..39@43@46..47@49..57@61..62-40 -strict-sequence -strict-formats -short-paths -keep-locs -warn-error -A -g -I .rat.objs/byte -I .rat.objs/native -I C:/Users/coren/AppData/Local/opam/default/lib/ocaml\unix -I C:\Users\coren\AppData\Local\opam\default\lib\base -I C:\Users\coren\AppData\Local\opam\default\lib\base\base_internalhash_types -I C:\Users\coren\AppData\Local\opam\default\lib\base\shadow_stdlib -I C:\Users\coren\AppData\Local\opam\default\lib\jane-street-headers -I C:\Users\coren\AppData\Local\opam\default\lib\ocaml_intrinsics_kernel -I C:\Users\coren\AppData\Local\opam\default\lib\ppx_compare\runtime-lib -I C:\Users\coren\AppData\Local\opam\default\lib\ppx_enumerate\runtime-lib -I C:\Users\coren\AppData\Local\opam\default\lib\ppx_expect\config -I C:\Users\coren\AppData\Local\opam\default\lib\ppx_expect\config_types -I C:\Users\coren\AppData\Local\opam\default\lib\ppx_expect\make_corrected_file -I C:\Users\coren\AppData\Local\opam\default\lib\ppx_expect\runtime -I C:\Users\coren\AppData\Local\opam\default\lib\ppx_hash\runtime-lib -I C:\Users\coren\AppData\Local\opam\default\lib\ppx_here\runtime-lib -I C:\Users\coren\AppData\Local\opam\default\lib\ppx_inline_test\config -I C:\Users\coren\AppData\Local\opam\default\lib\ppx_inline_test\runtime-lib -I C:\Users\coren\AppData\Local\opam\default\lib\ppx_sexp_conv\runtime-lib -I C:\Users\coren\AppData\Local\opam\default\lib\ppxlib\print_diff -I C:\Users\coren\AppData\Local\opam\default\lib\sexplib0 -I C:\Users\coren\AppData\Local\opam\default\lib\stdio -I C:\Users\coren\AppData\Local\opam\default\lib\time_now -intf-suffix .ml -no-alias-deps -opaque -open Rat -o .rat.objs/native/rat__PasseTypeRat.cmx -c -impl passeTypeRat.pp.ml)
> File "passeTypeRat.ml", line 27, characters 8-32:
> 27 | let rec analyse_type_instruction tds oia i = 
>              ^^^^^^^^^^^^^^^^^^^^^^^^
> Warning 39 [unused-rec-flag]: unused rec flag.
>
> File "passeTypeRat.ml", line 4, characters 0-15:
> 4 | open Exceptions
>     ^^^^^^^^^^^^^^^
> Warning 33 [unused-open]: unused open Rat.Exceptions.
>
> File "passeTypeRat.ml", line 17, characters 28-31:
> 17 | let analyse_type_expression tds e = (AstType.Booleen true) (* failwith "todo"*)
>                                  ^^^
> Warning 27 [unused-var-strict]: unused variable tds.
>
> File "passeTypeRat.ml", line 17, characters 32-33:
> 17 | let analyse_type_expression tds e = (AstType.Booleen true) (* failwith "todo"*)
>                                      ^
> Warning 27 [unused-var-strict]: unused variable e.
>
> File "passeTypeRat.ml", line 27, characters 33-36:
> 27 | let rec analyse_type_instruction tds oia i = 
>                                       ^^^
> Warning 27 [unused-var-strict]: unused variable tds.
>
> File "passeTypeRat.ml", line 27, characters 37-40:
> 27 | let rec analyse_type_instruction tds oia i = 
>                                           ^^^
> Warning 27 [unused-var-strict]: unused variable oia.
>
> File "passeTypeRat.ml", line 27, characters 41-42:
> 27 | let rec analyse_type_instruction tds oia i = 
>                                               ^
> Warning 27 [unused-var-strict]: unused variable i.
>
> File "passeTypeRat.ml", line 38, characters 22-25:
> 38 | and analyse_type_bloc tds oia li = 
>                            ^^^
> Warning 27 [unused-var-strict]: unused variable tds.
>
> File "passeTypeRat.ml", line 38, characters 26-29:
> 38 | and analyse_type_bloc tds oia li = 
>                                ^^^
> Warning 27 [unused-var-strict]: unused variable oia.
>
> File "passeTypeRat.ml", line 38, characters 30-32:
> 38 | and analyse_type_bloc tds oia li = 
>                                    ^^
> Warning 27 [unused-var-strict]: unused variable li.
>
> File "passeTypeRat.ml", line 47, characters 26-33:
> 47 | let analyse_type_fonction maintds (AstTds.Fonction(t,n,lp,li))  =
>                                ^^^^^^^
> Warning 27 [unused-var-strict]: unused variable maintds.
>
> File "passeTypeRat.ml", line 47, characters 51-52:
> 47 | let analyse_type_fonction maintds (AstTds.Fonction(t,n,lp,li))  =
>                                                         ^
> Warning 27 [unused-var-strict]: unused variable t.
>
> File "passeTypeRat.ml", line 47, characters 53-54:
> 47 | let analyse_type_fonction maintds (AstTds.Fonction(t,n,lp,li))  =
>                                                           ^
> Warning 27 [unused-var-strict]: unused variable n.
>
> File "passeTypeRat.ml", line 47, characters 55-57:
> 47 | let analyse_type_fonction maintds (AstTds.Fonction(t,n,lp,li))  =
>                                                             ^^
> Warning 27 [unused-var-strict]: unused variable lp.
>
> File "passeTypeRat.ml", line 47, characters 58-60:
> 47 | let analyse_type_fonction maintds (AstTds.Fonction(t,n,lp,li))  =
>                                                                ^^
> Warning 27 [unused-var-strict]: unused variable li.
$ (cd _build/default && C:\Users\coren\AppData\Local\opam\default\bin\ocamlopt.opt.exe -w @1..3@5..28@30..39@43@46..47@49..57@61..62-40 -strict-sequence -strict-formats -short-paths -keep-locs -warn-error -A -g -I tests/type/avec_fonction/.avec_fonction_type.objs/byte -I tests/type/avec_fonction/.avec_fonction_type.objs/native -I C:/Users/coren/AppData/Local/opam/default/lib/ocaml\unix -I C:\Users\coren\AppData\Local\opam\default\lib\base -I C:\Users\coren\AppData\Local\opam\default\lib\base\base_internalhash_types -I C:\Users\coren\AppData\Local\opam\default\lib\base\shadow_stdlib -I C:\Users\coren\AppData\Local\opam\default\lib\jane-street-headers -I C:\Users\coren\AppData\Local\opam\default\lib\ocaml_intrinsics_kernel -I C:\Users\coren\AppData\Local\opam\default\lib\ppx_compare\runtime-lib -I C:\Users\coren\AppData\Local\opam\default\lib\ppx_enumerate\runtime-lib -I C:\Users\coren\AppData\Local\opam\default\lib\ppx_expect\config -I C:\Users\coren\AppData\Local\opam\default\lib\ppx_expect\config_types -I C:\Users\coren\AppData\Local\opam\default\lib\ppx_expect\make_corrected_file -I C:\Users\coren\AppData\Local\opam\default\lib\ppx_expect\runtime -I C:\Users\coren\AppData\Local\opam\default\lib\ppx_hash\runtime-lib -I C:\Users\coren\AppData\Local\opam\default\lib\ppx_here\runtime-lib -I C:\Users\coren\AppData\Local\opam\default\lib\ppx_inline_test\config -I C:\Users\coren\AppData\Local\opam\default\lib\ppx_inline_test\runtime-lib -I C:\Users\coren\AppData\Local\opam\default\lib\ppx_sexp_conv\runtime-lib -I C:\Users\coren\AppData\Local\opam\default\lib\ppxlib\print_diff -I C:\Users\coren\AppData\Local\opam\default\lib\sexplib0 -I C:\Users\coren\AppData\Local\opam\default\lib\stdio -I C:\Users\coren\AppData\Local\opam\default\lib\time_now -I .rat.objs/byte -I .rat.objs/native -intf-suffix .ml -no-alias-deps -opaque -open Avec_fonction_type -o tests/type/avec_fonction/.avec_fonction_type.objs/native/avec_fonction_type__Test.cmx -c -impl tests/type/avec_fonction/test.pp.ml)
$ (cd _build/default && C:\Users\coren\AppData\Local\opam\default\bin\ocamlopt.opt.exe -w @1..3@5..28@30..39@43@46..47@49..57@61..62-40 -strict-sequence -strict-formats -short-paths -keep-locs -warn-error -A -g -a -o rat.cmxa .rat.objs/native/rat.cmx .rat.objs/native/rat__Type.cmx .rat.objs/native/rat__Tds.cmx .rat.objs/native/rat__Tam.cmx .rat.objs/native/rat__Ast.cmx .rat.objs/native/rat__PrinterAst.cmx .rat.objs/native/rat__Exceptions.cmx .rat.objs/native/rat__PasseTypeRat.cmx .rat.objs/native/rat__PasseTdsRat.cmx .rat.objs/native/rat__Passe.cmx .rat.objs/native/rat__Parser.cmx .rat.objs/native/rat__Lexer.cmx .rat.objs/native/rat__Compilateur.cmx .rat.objs/native/rat__Code.cmx)
$ (cd _build/default && C:\Users\coren\AppData\Local\opam\default\bin\ocamlopt.opt.exe -w @1..3@5..28@30..39@43@46..47@49..57@61..62-40 -strict-sequence -strict-formats -short-paths -keep-locs -warn-error -A -g -I tests/type/sans_fonction/.sans_fonction_type.objs/byte -I tests/type/sans_fonction/.sans_fonction_type.objs/native -I C:/Users/coren/AppData/Local/opam/default/lib/ocaml\unix -I C:\Users\coren\AppData\Local\opam\default\lib\base -I C:\Users\coren\AppData\Local\opam\default\lib\base\base_internalhash_types -I C:\Users\coren\AppData\Local\opam\default\lib\base\shadow_stdlib -I C:\Users\coren\AppData\Local\opam\default\lib\jane-street-headers -I C:\Users\coren\AppData\Local\opam\default\lib\ocaml_intrinsics_kernel -I C:\Users\coren\AppData\Local\opam\default\lib\ppx_compare\runtime-lib -I C:\Users\coren\AppData\Local\opam\default\lib\ppx_enumerate\runtime-lib -I C:\Users\coren\AppData\Local\opam\default\lib\ppx_expect\config -I C:\Users\coren\AppData\Local\opam\default\lib\ppx_expect\config_types -I C:\Users\coren\AppData\Local\opam\default\lib\ppx_expect\make_corrected_file -I C:\Users\coren\AppData\Local\opam\default\lib\ppx_expect\runtime -I C:\Users\coren\AppData\Local\opam\default\lib\ppx_hash\runtime-lib -I C:\Users\coren\AppData\Local\opam\default\lib\ppx_here\runtime-lib -I C:\Users\coren\AppData\Local\opam\default\lib\ppx_inline_test\config -I C:\Users\coren\AppData\Local\opam\default\lib\ppx_inline_test\runtime-lib -I C:\Users\coren\AppData\Local\opam\default\lib\ppx_sexp_conv\runtime-lib -I C:\Users\coren\AppData\Local\opam\default\lib\ppxlib\print_diff -I C:\Users\coren\AppData\Local\opam\default\lib\sexplib0 -I C:\Users\coren\AppData\Local\opam\default\lib\stdio -I C:\Users\coren\AppData\Local\opam\default\lib\time_now -I .rat.objs/byte -I .rat.objs/native -intf-suffix .ml -no-alias-deps -opaque -open Sans_fonction_type -o tests/type/sans_fonction/.sans_fonction_type.objs/native/sans_fonction_type__Test.cmx -c -impl tests/type/sans_fonction/test.pp.ml)
$ (cd _build/default && C:\Users\coren\AppData\Local\opam\default\bin\ocamlopt.opt.exe -w @1..3@5..28@30..39@43@46..47@49..57@61..62-40 -strict-sequence -strict-formats -short-paths -keep-locs -warn-error -A -w -24 -g -g -I tests/type/.type.inline-tests/.type.inline-tests.eobjs/byte -I tests/type/.type.inline-tests/.type.inline-tests.eobjs/native -I C:/Users/coren/AppData/Local/opam/default/lib/ocaml\unix -I C:\Users\coren\AppData\Local\opam\default\lib\base -I C:\Users\coren\AppData\Local\opam\default\lib\base\base_internalhash_types -I C:\Users\coren\AppData\Local\opam\default\lib\base\shadow_stdlib -I C:\Users\coren\AppData\Local\opam\default\lib\jane-street-headers -I C:\Users\coren\AppData\Local\opam\default\lib\ocaml_intrinsics_kernel -I C:\Users\coren\AppData\Local\opam\default\lib\ppx_compare\runtime-lib -I C:\Users\coren\AppData\Local\opam\default\lib\ppx_enumerate\runtime-lib -I C:\Users\coren\AppData\Local\opam\default\lib\ppx_expect\config -I C:\Users\coren\AppData\Local\opam\default\lib\ppx_expect\config_types -I C:\Users\coren\AppData\Local\opam\default\lib\ppx_expect\evaluator -I C:\Users\coren\AppData\Local\opam\default\lib\ppx_expect\make_corrected_file -I C:\Users\coren\AppData\Local\opam\default\lib\ppx_expect\runtime -I C:\Users\coren\AppData\Local\opam\default\lib\ppx_hash\runtime-lib -I C:\Users\coren\AppData\Local\opam\default\lib\ppx_here\runtime-lib -I C:\Users\coren\AppData\Local\opam\default\lib\ppx_inline_test\config -I C:\Users\coren\AppData\Local\opam\default\lib\ppx_inline_test\runner/lib -I C:\Users\coren\AppData\Local\opam\default\lib\ppx_inline_test\runtime-lib -I C:\Users\coren\AppData\Local\opam\default\lib\ppx_sexp_conv\runtime-lib -I C:\Users\coren\AppData\Local\opam\default\lib\ppxlib\print_diff -I C:\Users\coren\AppData\Local\opam\default\lib\sexplib0 -I C:\Users\coren\AppData\Local\opam\default\lib\stdio -I C:\Users\coren\AppData\Local\opam\default\lib\time_now -I .rat.objs/byte -I .rat.objs/native -I tests/type/.type.objs/byte -I tests/type/.type.objs/native -intf-suffix .ml-gen -no-alias-deps -o tests/type/.type.inline-tests/.type.inline-tests.eobjs/native/dune__exe__Inline_test_runner_type.cmx -c -impl tests/type/.type.inline-tests/inline_test_runner_type.ml-gen)
$ (cd _build/default && C:\Users\coren\AppData\Local\opam\default\bin\ocamlopt.opt.exe -w @1..3@5..28@30..39@43@46..47@49..57@61..62-40 -strict-sequence -strict-formats -short-paths -keep-locs -warn-error -A -w -24 -g -g -I tests/type/avec_fonction/.avec_fonction_type.inline-tests/.avec_fonction_type.inline-tests.eobjs/byte -I tests/type/avec_fonction/.avec_fonction_type.inline-tests/.avec_fonction_type.inline-tests.eobjs/native -I C:/Users/coren/AppData/Local/opam/default/lib/ocaml\unix -I C:\Users\coren\AppData\Local\opam\default\lib\base -I C:\Users\coren\AppData\Local\opam\default\lib\base\base_internalhash_types -I C:\Users\coren\AppData\Local\opam\default\lib\base\shadow_stdlib -I C:\Users\coren\AppData\Local\opam\default\lib\jane-street-headers -I C:\Users\coren\AppData\Local\opam\default\lib\ocaml_intrinsics_kernel -I C:\Users\coren\AppData\Local\opam\default\lib\ppx_compare\runtime-lib -I C:\Users\coren\AppData\Local\opam\default\lib\ppx_enumerate\runtime-lib -I C:\Users\coren\AppData\Local\opam\default\lib\ppx_expect\config -I C:\Users\coren\AppData\Local\opam\default\lib\ppx_expect\config_types -I C:\Users\coren\AppData\Local\opam\default\lib\ppx_expect\evaluator -I C:\Users\coren\AppData\Local\opam\default\lib\ppx_expect\make_corrected_file -I C:\Users\coren\AppData\Local\opam\default\lib\ppx_expect\runtime -I C:\Users\coren\AppData\Local\opam\default\lib\ppx_hash\runtime-lib -I C:\Users\coren\AppData\Local\opam\default\lib\ppx_here\runtime-lib -I C:\Users\coren\AppData\Local\opam\default\lib\ppx_inline_test\config -I C:\Users\coren\AppData\Local\opam\default\lib\ppx_inline_test\runner/lib -I C:\Users\coren\AppData\Local\opam\default\lib\ppx_inline_test\runtime-lib -I C:\Users\coren\AppData\Local\opam\default\lib\ppx_sexp_conv\runtime-lib -I C:\Users\coren\AppData\Local\opam\default\lib\ppxlib\print_diff -I C:\Users\coren\AppData\Local\opam\default\lib\sexplib0 -I C:\Users\coren\AppData\Local\opam\default\lib\stdio -I C:\Users\coren\AppData\Local\opam\default\lib\time_now -I .rat.objs/byte -I .rat.objs/native -I tests/type/avec_fonction/.avec_fonction_type.objs/byte -I tests/type/avec_fonction/.avec_fonction_type.objs/native -intf-suffix .ml-gen -no-alias-deps -o tests/type/avec_fonction/.avec_fonction_type.inline-tests/.avec_fonction_type.inline-tests.eobjs/native/dune__exe__Inline_test_runner_avec_fonction_type.cmx -c -impl tests/type/avec_fonction/.avec_fonction_type.inline-tests/inline_test_runner_avec_fonction_type.ml-gen)
$ (cd _build/default && C:\Users\coren\AppData\Local\opam\default\bin\ocamlopt.opt.exe -w @1..3@5..28@30..39@43@46..47@49..57@61..62-40 -strict-sequence -strict-formats -short-paths -keep-locs -warn-error -A -w -24 -g -g -I tests/type/sans_fonction/.sans_fonction_type.inline-tests/.sans_fonction_type.inline-tests.eobjs/byte -I tests/type/sans_fonction/.sans_fonction_type.inline-tests/.sans_fonction_type.inline-tests.eobjs/native -I C:/Users/coren/AppData/Local/opam/default/lib/ocaml\unix -I C:\Users\coren\AppData\Local\opam\default\lib\base -I C:\Users\coren\AppData\Local\opam\default\lib\base\base_internalhash_types -I C:\Users\coren\AppData\Local\opam\default\lib\base\shadow_stdlib -I C:\Users\coren\AppData\Local\opam\default\lib\jane-street-headers -I C:\Users\coren\AppData\Local\opam\default\lib\ocaml_intrinsics_kernel -I C:\Users\coren\AppData\Local\opam\default\lib\ppx_compare\runtime-lib -I C:\Users\coren\AppData\Local\opam\default\lib\ppx_enumerate\runtime-lib -I C:\Users\coren\AppData\Local\opam\default\lib\ppx_expect\config -I C:\Users\coren\AppData\Local\opam\default\lib\ppx_expect\config_types -I C:\Users\coren\AppData\Local\opam\default\lib\ppx_expect\evaluator -I C:\Users\coren\AppData\Local\opam\default\lib\ppx_expect\make_corrected_file -I C:\Users\coren\AppData\Local\opam\default\lib\ppx_expect\runtime -I C:\Users\coren\AppData\Local\opam\default\lib\ppx_hash\runtime-lib -I C:\Users\coren\AppData\Local\opam\default\lib\ppx_here\runtime-lib -I C:\Users\coren\AppData\Local\opam\default\lib\ppx_inline_test\config -I C:\Users\coren\AppData\Local\opam\default\lib\ppx_inline_test\runner/lib -I C:\Users\coren\AppData\Local\opam\default\lib\ppx_inline_test\runtime-lib -I C:\Users\coren\AppData\Local\opam\default\lib\ppx_sexp_conv\runtime-lib -I C:\Users\coren\AppData\Local\opam\default\lib\ppxlib\print_diff -I C:\Users\coren\AppData\Local\opam\default\lib\sexplib0 -I C:\Users\coren\AppData\Local\opam\default\lib\stdio -I C:\Users\coren\AppData\Local\opam\default\lib\time_now -I .rat.objs/byte -I .rat.objs/native -I tests/type/sans_fonction/.sans_fonction_type.objs/byte -I tests/type/sans_fonction/.sans_fonction_type.objs/native -intf-suffix .ml-gen -no-alias-deps -o tests/type/sans_fonction/.sans_fonction_type.inline-tests/.sans_fonction_type.inline-tests.eobjs/native/dune__exe__Inline_test_runner_sans_fonction_type.cmx -c -impl tests/type/sans_fonction/.sans_fonction_type.inline-tests/inline_test_runner_sans_fonction_type.ml-gen)
$ (cd _build/default && C:\Users\coren\AppData\Local\opam\default\bin\ocamlopt.opt.exe -w @1..3@5..28@30..39@43@46..47@49..57@61..62-40 -strict-sequence -strict-formats -short-paths -keep-locs -warn-error -A -w -24 -g -g -o tests/type/avec_fonction/.avec_fonction_type.inline-tests/inline_test_runner_avec_fonction_type.exe C:/Users/coren/AppData/Local/opam/default/lib/ocaml\unix\unix.cmxa C:\Users\coren\AppData\Local\opam\default\lib\ppx_inline_test\config/inline_test_config.cmxa C:\Users\coren\AppData\Local\opam\default\lib\base\base_internalhash_types/base_internalhash_types.cmxa -I C:\Users\coren\AppData\Local\opam\default\lib\base\base_internalhash_types C:\Users\coren\AppData\Local\opam\default\lib\sexplib0\sexplib0.cmxa C:\Users\coren\AppData\Local\opam\default\lib\base\shadow_stdlib/shadow_stdlib.cmxa C:\Users\coren\AppData\Local\opam\default\lib\ocaml_intrinsics_kernel\ocaml_intrinsics_kernel.cmxa -I C:\Users\coren\AppData\Local\opam\default\lib\ocaml_intrinsics_kernel C:\Users\coren\AppData\Local\opam\default\lib\base\base.cmxa -I C:\Users\coren\AppData\Local\opam\default\lib\base C:\Users\coren\AppData\Local\opam\default\lib\jane-street-headers\jane_street_headers.cmxa C:\Users\coren\AppData\Local\opam\default\lib\ppx_sexp_conv\runtime-lib/ppx_sexp_conv_lib.cmxa C:\Users\coren\AppData\Local\opam\default\lib\ppx_compare\runtime-lib/ppx_compare_lib.cmxa C:\Users\coren\AppData\Local\opam\default\lib\ppx_enumerate\runtime-lib/ppx_enumerate_lib.cmxa C:\Users\coren\AppData\Local\opam\default\lib\ppx_hash\runtime-lib/ppx_hash_lib.cmxa C:\Users\coren\AppData\Local\opam\default\lib\time_now\time_now.cmxa -I C:\Users\coren\AppData\Local\opam\default\lib\time_now C:\Users\coren\AppData\Local\opam\default\lib\ppx_inline_test\runtime-lib/ppx_inline_test_lib.cmxa C:\Users\coren\AppData\Local\opam\default\lib\ppx_here\runtime-lib/ppx_here_lib.cmxa C:\Users\coren\AppData\Local\opam\default\lib\stdio\stdio.cmxa C:\Users\coren\AppData\Local\opam\default\lib\ppxlib\print_diff/ppxlib_print_diff.cmxa C:\Users\coren\AppData\Local\opam\default\lib\ppx_expect\make_corrected_file/make_corrected_file.cmxa C:\Users\coren\AppData\Local\opam\default\lib\ppx_expect\config_types/expect_test_config_types.cmxa C:\Users\coren\AppData\Local\opam\default\lib\ppx_expect\config/expect_test_config.cmxa C:\Users\coren\AppData\Local\opam\default\lib\ppx_expect\runtime/ppx_expect_runtime.cmxa -I C:\Users\coren\AppData\Local\opam\default\lib\ppx_expect\runtime rat.cmxa tests/type/avec_fonction/avec_fonction_type.cmxa C:\Users\coren\AppData\Local\opam\default\lib\ppx_inline_test\runner/lib/ppx_inline_test_runner_lib.cmxa -I C:\Users\coren\AppData\Local\opam\default\lib\ppx_inline_test\runner/lib C:\Users\coren\AppData\Local\opam\default\lib\ppx_expect\evaluator/ppx_expect_evaluator.cmxa tests/type/avec_fonction/.avec_fonction_type.inline-tests/.avec_fonction_type.inline-tests.eobjs/native/dune__exe__Inline_test_runner_avec_fonction_type.cmx -linkall)
$ (cd _build/default && C:\Users\coren\AppData\Local\opam\default\bin\ocamlopt.opt.exe -w @1..3@5..28@30..39@43@46..47@49..57@61..62-40 -strict-sequence -strict-formats -short-paths -keep-locs -warn-error -A -w -24 -g -g -o tests/type/.type.inline-tests/inline_test_runner_type.exe C:/Users/coren/AppData/Local/opam/default/lib/ocaml\unix\unix.cmxa C:\Users\coren\AppData\Local\opam\default\lib\ppx_inline_test\config/inline_test_config.cmxa C:\Users\coren\AppData\Local\opam\default\lib\base\base_internalhash_types/base_internalhash_types.cmxa -I C:\Users\coren\AppData\Local\opam\default\lib\base\base_internalhash_types C:\Users\coren\AppData\Local\opam\default\lib\sexplib0\sexplib0.cmxa C:\Users\coren\AppData\Local\opam\default\lib\base\shadow_stdlib/shadow_stdlib.cmxa C:\Users\coren\AppData\Local\opam\default\lib\ocaml_intrinsics_kernel\ocaml_intrinsics_kernel.cmxa -I C:\Users\coren\AppData\Local\opam\default\lib\ocaml_intrinsics_kernel C:\Users\coren\AppData\Local\opam\default\lib\base\base.cmxa -I C:\Users\coren\AppData\Local\opam\default\lib\base C:\Users\coren\AppData\Local\opam\default\lib\jane-street-headers\jane_street_headers.cmxa C:\Users\coren\AppData\Local\opam\default\lib\ppx_sexp_conv\runtime-lib/ppx_sexp_conv_lib.cmxa C:\Users\coren\AppData\Local\opam\default\lib\ppx_compare\runtime-lib/ppx_compare_lib.cmxa C:\Users\coren\AppData\Local\opam\default\lib\ppx_enumerate\runtime-lib/ppx_enumerate_lib.cmxa C:\Users\coren\AppData\Local\opam\default\lib\ppx_hash\runtime-lib/ppx_hash_lib.cmxa C:\Users\coren\AppData\Local\opam\default\lib\time_now\time_now.cmxa -I C:\Users\coren\AppData\Local\opam\default\lib\time_now C:\Users\coren\AppData\Local\opam\default\lib\ppx_inline_test\runtime-lib/ppx_inline_test_lib.cmxa C:\Users\coren\AppData\Local\opam\default\lib\ppx_here\runtime-lib/ppx_here_lib.cmxa C:\Users\coren\AppData\Local\opam\default\lib\stdio\stdio.cmxa C:\Users\coren\AppData\Local\opam\default\lib\ppxlib\print_diff/ppxlib_print_diff.cmxa C:\Users\coren\AppData\Local\opam\default\lib\ppx_expect\make_corrected_file/make_corrected_file.cmxa C:\Users\coren\AppData\Local\opam\default\lib\ppx_expect\config_types/expect_test_config_types.cmxa C:\Users\coren\AppData\Local\opam\default\lib\ppx_expect\config/expect_test_config.cmxa C:\Users\coren\AppData\Local\opam\default\lib\ppx_expect\runtime/ppx_expect_runtime.cmxa -I C:\Users\coren\AppData\Local\opam\default\lib\ppx_expect\runtime rat.cmxa tests/type/type.cmxa C:\Users\coren\AppData\Local\opam\default\lib\ppx_inline_test\runner/lib/ppx_inline_test_runner_lib.cmxa -I C:\Users\coren\AppData\Local\opam\default\lib\ppx_inline_test\runner/lib C:\Users\coren\AppData\Local\opam\default\lib\ppx_expect\evaluator/ppx_expect_evaluator.cmxa tests/type/.type.inline-tests/.type.inline-tests.eobjs/native/dune__exe__Inline_test_runner_type.cmx -linkall)
$ (cd _build/default && C:\Users\coren\AppData\Local\opam\default\bin\ocamlopt.opt.exe -w @1..3@5..28@30..39@43@46..47@49..57@61..62-40 -strict-sequence -strict-formats -short-paths -keep-locs -warn-error -A -w -24 -g -g -o tests/type/sans_fonction/.sans_fonction_type.inline-tests/inline_test_runner_sans_fonction_type.exe C:/Users/coren/AppData/Local/opam/default/lib/ocaml\unix\unix.cmxa C:\Users\coren\AppData\Local\opam\default\lib\ppx_inline_test\config/inline_test_config.cmxa C:\Users\coren\AppData\Local\opam\default\lib\base\base_internalhash_types/base_internalhash_types.cmxa -I C:\Users\coren\AppData\Local\opam\default\lib\base\base_internalhash_types C:\Users\coren\AppData\Local\opam\default\lib\sexplib0\sexplib0.cmxa C:\Users\coren\AppData\Local\opam\default\lib\base\shadow_stdlib/shadow_stdlib.cmxa C:\Users\coren\AppData\Local\opam\default\lib\ocaml_intrinsics_kernel\ocaml_intrinsics_kernel.cmxa -I C:\Users\coren\AppData\Local\opam\default\lib\ocaml_intrinsics_kernel C:\Users\coren\AppData\Local\opam\default\lib\base\base.cmxa -I C:\Users\coren\AppData\Local\opam\default\lib\base C:\Users\coren\AppData\Local\opam\default\lib\jane-street-headers\jane_street_headers.cmxa C:\Users\coren\AppData\Local\opam\default\lib\ppx_sexp_conv\runtime-lib/ppx_sexp_conv_lib.cmxa C:\Users\coren\AppData\Local\opam\default\lib\ppx_compare\runtime-lib/ppx_compare_lib.cmxa C:\Users\coren\AppData\Local\opam\default\lib\ppx_enumerate\runtime-lib/ppx_enumerate_lib.cmxa C:\Users\coren\AppData\Local\opam\default\lib\ppx_hash\runtime-lib/ppx_hash_lib.cmxa C:\Users\coren\AppData\Local\opam\default\lib\time_now\time_now.cmxa -I C:\Users\coren\AppData\Local\opam\default\lib\time_now C:\Users\coren\AppData\Local\opam\default\lib\ppx_inline_test\runtime-lib/ppx_inline_test_lib.cmxa C:\Users\coren\AppData\Local\opam\default\lib\ppx_here\runtime-lib/ppx_here_lib.cmxa C:\Users\coren\AppData\Local\opam\default\lib\stdio\stdio.cmxa C:\Users\coren\AppData\Local\opam\default\lib\ppxlib\print_diff/ppxlib_print_diff.cmxa C:\Users\coren\AppData\Local\opam\default\lib\ppx_expect\make_corrected_file/make_corrected_file.cmxa C:\Users\coren\AppData\Local\opam\default\lib\ppx_expect\config_types/expect_test_config_types.cmxa C:\Users\coren\AppData\Local\opam\default\lib\ppx_expect\config/expect_test_config.cmxa C:\Users\coren\AppData\Local\opam\default\lib\ppx_expect\runtime/ppx_expect_runtime.cmxa -I C:\Users\coren\AppData\Local\opam\default\lib\ppx_expect\runtime rat.cmxa tests/type/sans_fonction/sans_fonction_type.cmxa C:\Users\coren\AppData\Local\opam\default\lib\ppx_inline_test\runner/lib/ppx_inline_test_runner_lib.cmxa -I C:\Users\coren\AppData\Local\opam\default\lib\ppx_inline_test\runner/lib C:\Users\coren\AppData\Local\opam\default\lib\ppx_expect\evaluator/ppx_expect_evaluator.cmxa tests/type/sans_fonction/.sans_fonction_type.inline-tests/.sans_fonction_type.inline-tests.eobjs/native/dune__exe__Inline_test_runner_sans_fonction_type.cmx -linkall)
$ (cd _build/default/tests/type/avec_fonction && .avec_fonction_type.inline-tests/inline_test_runner_avec_fonction_type.exe inline-test-runner avec_fonction_type -list-partitions) > _build/default/tests/type/avec_fonction/.avec_fonction_type.inline-tests/partitions-best
$ (cd _build/default/tests/type && .type.inline-tests/inline_test_runner_type.exe inline-test-runner type -list-partitions) > _build/default/tests/type/.type.inline-tests/partitions-best
$ (cd _build/default/tests/type/sans_fonction && .sans_fonction_type.inline-tests/inline_test_runner_sans_fonction_type.exe inline-test-runner sans_fonction_type -list-partitions) > _build/default/tests/type/sans_fonction/.sans_fonction_type.inline-tests/partitions-best
$ (cd _build/default/tests/type/avec_fonction && .avec_fonction_type.inline-tests/inline_test_runner_avec_fonction_type.exe inline-test-runner avec_fonction_type -partition test.ml -source-tree-root ../../.. -diff-cmd -)
> File "tests/type/avec_fonction/test.ml", line 36, characters 0-167: testAppel6 threw Avec_fonction_type.Test.ErreurNonDetectee.
>   Raised at Avec_fonction_type__Test.(fun) in file "tests/type/avec_fonction/test.ml", line 39, characters 7-30
>
> File "tests/type/avec_fonction/test.ml", line 43, characters 0-167: testAppel7 threw Avec_fonction_type.Test.ErreurNonDetectee.
>   Raised at Avec_fonction_type__Test.(fun) in file "tests/type/avec_fonction/test.ml", line 46, characters 7-30
>
> File "tests/type/avec_fonction/test.ml", line 50, characters 0-167: testAppel8 threw Avec_fonction_type.Test.ErreurNonDetectee.
>   Raised at Avec_fonction_type__Test.(fun) in file "tests/type/avec_fonction/test.ml", line 53, characters 7-30
>
> File "tests/type/avec_fonction/test.ml", line 57, characters 0-167: testAppel9 threw Avec_fonction_type.Test.ErreurNonDetectee.
>   Raised at Avec_fonction_type__Test.(fun) in file "tests/type/avec_fonction/test.ml", line 60, characters 7-30
>
> File "tests/type/avec_fonction/test.ml", line 64, characters 0-170: testAppel10 threw Rat.Exceptions.MauvaiseUtilisationIdentifiant("add1").
>   Raised at Rat__PasseTdsRat.analyse_tds_expression in file "passeTdsRat.ml", line 39, characters 17-57
>   Called from Rat__PasseTdsRat.analyse_tds_instruction in file "passeTdsRat.ml", line 80, characters 21-49
>   Called from Stdlib__List.map in file "list.ml", line 83, characters 15-19
>   Called from Rat__PasseTdsRat.analyser in file "passeTdsRat.ml", line 240, characters 11-41
>   Called from Rat__Compilateur.Compilateur.analyser in file "compilateur.ml", line 33, characters 15-32
>   Called from Rat__Compilateur.compiler in file "compilateur.ml", line 94, characters 28-57
>   Called from Avec_fonction_type__Test.(fun) in file "tests/type/avec_fonction/test.ml", line 66, characters 12-56
>
> File "tests/type/avec_fonction/test.ml", line 71, characters 0-170: testAppel11 threw Rat.Exceptions.MauvaiseUtilisationIdentifiant("add1").
>   Raised at Rat__PasseTdsRat.analyse_tds_expression in file "passeTdsRat.ml", line 39, characters 17-57
>   Called from Rat__PasseTdsRat.analyse_tds_instruction in file "passeTdsRat.ml", line 80, characters 21-49
>   Called from Stdlib__List.map in file "list.ml", line 83, characters 15-19
>   Called from Rat__PasseTdsRat.analyser in file "passeTdsRat.ml", line 240, characters 11-41
>   Called from Rat__Compilateur.Compilateur.analyser in file "compilateur.ml", line 33, characters 15-32
>   Called from Rat__Compilateur.compiler in file "compilateur.ml", line 94, characters 28-57
>   Called from Avec_fonction_type__Test.(fun) in file "tests/type/avec_fonction/test.ml", line 73, characters 12-56
>
> File "tests/type/avec_fonction/test.ml", line 78, characters 0-165: testAppel12 threw Avec_fonction_type.Test.ErreurNonDetectee.
>   Raised at Avec_fonction_type__Test.(fun) in file "tests/type/avec_fonction/test.ml", line 81, characters 7-30
>
> File "tests/type/avec_fonction/test.ml", line 85, characters 0-164: testAppel13 threw Avec_fonction_type.Test.ErreurNonDetectee.
>   Raised at Avec_fonction_type__Test.(fun) in file "tests/type/avec_fonction/test.ml", line 88, characters 7-30
>
> File "tests/type/avec_fonction/test.ml", line 95, characters 0-181: testRetourFonction2 threw Avec_fonction_type.Test.ErreurNonDetectee.
>   Raised at Avec_fonction_type__Test.(fun) in file "tests/type/avec_fonction/test.ml", line 98, characters 7-30
>
> File "tests/type/avec_fonction/test.ml", line 105, characters 0-179: testRetourFonction4 threw Avec_fonction_type.Test.ErreurNonDetectee.
>   Raised at Avec_fonction_type__Test.(fun) in file "tests/type/avec_fonction/test.ml", line 108, characters 7-30
>
> FAILED 10 / 22 tests
[2]
$ (cd _build/default/tests/type/sans_fonction && .sans_fonction_type.inline-tests/inline_test_runner_sans_fonction_type.exe inline-test-runner sans_fonction_type -partition test.ml -source-tree-root ../../.. -diff-cmd -)
> File "tests/type/sans_fonction/test.ml", line 27, characters 0-176: testDeclaration4 threw Sans_fonction_type.Test.ErreurNonDetectee.
>   Raised at Sans_fonction_type__Test.(fun) in file "tests/type/sans_fonction/test.ml", line 30, characters 8-31
>
> File "tests/type/sans_fonction/test.ml", line 34, characters 0-175: testDeclaration5 threw Sans_fonction_type.Test.ErreurNonDetectee.
>   Raised at Sans_fonction_type__Test.(fun) in file "tests/type/sans_fonction/test.ml", line 37, characters 7-30
>
> File "tests/type/sans_fonction/test.ml", line 41, characters 0-175: testDeclaration6 threw Sans_fonction_type.Test.ErreurNonDetectee.
>   Raised at Sans_fonction_type__Test.(fun) in file "tests/type/sans_fonction/test.ml", line 44, characters 7-30
>
> File "tests/type/sans_fonction/test.ml", line 48, characters 0-174: testDeclaration7 threw Sans_fonction_type.Test.ErreurNonDetectee.
>   Raised at Sans_fonction_type__Test.(fun) in file "tests/type/sans_fonction/test.ml", line 51, characters 7-30
>
> File "tests/type/sans_fonction/test.ml", line 55, characters 0-174: testDeclaration8 threw Sans_fonction_type.Test.ErreurNonDetectee.
>   Raised at Sans_fonction_type__Test.(fun) in file "tests/type/sans_fonction/test.ml", line 58, characters 7-30
>
> File "tests/type/sans_fonction/test.ml", line 62, characters 0-175: testDeclaration9 threw Sans_fonction_type.Test.ErreurNonDetectee.
>   Raised at Sans_fonction_type__Test.(fun) in file "tests/type/sans_fonction/test.ml", line 65, characters 7-30
>
> File "tests/type/sans_fonction/test.ml", line 78, characters 0-174: testAffectation4 threw Sans_fonction_type.Test.ErreurNonDetectee.
>   Raised at Sans_fonction_type__Test.(fun) in file "tests/type/sans_fonction/test.ml", line 81, characters 7-30
>
> File "tests/type/sans_fonction/test.ml", line 85, characters 0-175: testAffectation5 threw Sans_fonction_type.Test.ErreurNonDetectee.
>   Raised at Sans_fonction_type__Test.(fun) in file "tests/type/sans_fonction/test.ml", line 88, characters 7-30
>
> File "tests/type/sans_fonction/test.ml", line 92, characters 0-175: testAffectation6 threw Sans_fonction_type.Test.ErreurNonDetectee.
>   Raised at Sans_fonction_type__Test.(fun) in file "tests/type/sans_fonction/test.ml", line 95, characters 7-30
>
> File "tests/type/sans_fonction/test.ml", line 99, characters 0-174: testAffectation7 threw Sans_fonction_type.Test.ErreurNonDetectee.
>   Raised at Sans_fonction_type__Test.(fun) in file "tests/type/sans_fonction/test.ml", line 102, characters 7-30
>
> File "tests/type/sans_fonction/test.ml", line 106, characters 0-175: testAffectation8 threw Sans_fonction_type.Test.ErreurNonDetectee.
>   Raised at Sans_fonction_type__Test.(fun) in file "tests/type/sans_fonction/test.ml", line 109, characters 7-30
>
> File "tests/type/sans_fonction/test.ml", line 113, characters 0-175: testAffectation9 threw Sans_fonction_type.Test.ErreurNonDetectee.
>   Raised at Sans_fonction_type__Test.(fun) in file "tests/type/sans_fonction/test.ml", line 116, characters 7-30
>
> File "tests/type/sans_fonction/test.ml", line 123, characters 0-181: testConditionnelle2 threw Sans_fonction_type.Test.ErreurNonDetectee.
>   Raised at Sans_fonction_type__Test.(fun) in file "tests/type/sans_fonction/test.ml", line 126, characters 7-30
>
> File "tests/type/sans_fonction/test.ml", line 130, characters 0-181: testConditionnelle3 threw Sans_fonction_type.Test.ErreurNonDetectee.
>   Raised at Sans_fonction_type__Test.(fun) in file "tests/type/sans_fonction/test.ml", line 133, characters 7-30
>
> File "tests/type/sans_fonction/test.ml", line 140, characters 0-181: testConditionnelle5 threw Sans_fonction_type.Test.ErreurNonDetectee.
>   Raised at Sans_fonction_type__Test.(fun) in file "tests/type/sans_fonction/test.ml", line 143, characters 7-30
>
> File "tests/type/sans_fonction/test.ml", line 147, characters 0-181: testConditionnelle6 threw Sans_fonction_type.Test.ErreurNonDetectee.
>   Raised at Sans_fonction_type__Test.(fun) in file "tests/type/sans_fonction/test.ml", line 150, characters 7-30
>
> File "tests/type/sans_fonction/test.ml", line 157, characters 0-173: testRepetition2 threw Sans_fonction_type.Test.ErreurNonDetectee.
>   Raised at Sans_fonction_type__Test.(fun) in file "tests/type/sans_fonction/test.ml", line 160, characters 7-30
>
> File "tests/type/sans_fonction/test.ml", line 164, characters 0-173: testRepetition3 threw Sans_fonction_type.Test.ErreurNonDetectee.
>   Raised at Sans_fonction_type__Test.(fun) in file "tests/type/sans_fonction/test.ml", line 167, characters 7-30
>
> File "tests/type/sans_fonction/test.ml", line 174, characters 0-173: testRepetition5 threw Sans_fonction_type.Test.ErreurNonDetectee.
>   Raised at Sans_fonction_type__Test.(fun) in file "tests/type/sans_fonction/test.ml", line 177, characters 7-30
>
> File "tests/type/sans_fonction/test.ml", line 181, characters 0-173: testRepetition6 threw Sans_fonction_type.Test.ErreurNonDetectee.
>   Raised at Sans_fonction_type__Test.(fun) in file "tests/type/sans_fonction/test.ml", line 184, characters 7-30
>
> File "tests/type/sans_fonction/test.ml", line 203, characters 0-179: testRationnel3 threw Sans_fonction_type.Test.ErreurNonDetectee.
>   Raised at Sans_fonction_type__Test.(fun) in file "tests/type/sans_fonction/test.ml", line 206, characters 7-30
>
> File "tests/type/sans_fonction/test.ml", line 210, characters 0-180: testRationnel4 threw Sans_fonction_type.Test.ErreurNonDetectee.
>   Raised at Sans_fonction_type__Test.(fun) in file "tests/type/sans_fonction/test.ml", line 213, characters 7-30
>
> File "tests/type/sans_fonction/test.ml", line 217, characters 0-170: testRationnel5 threw Sans_fonction_type.Test.ErreurNonDetectee.
>   Raised at Sans_fonction_type__Test.(fun) in file "tests/type/sans_fonction/test.ml", line 220, characters 7-30
>
> File "tests/type/sans_fonction/test.ml", line 230, characters 0-173: testNumerateur3 threw Sans_fonction_type.Test.ErreurNonDetectee.
>   Raised at Sans_fonction_type__Test.(fun) in file "tests/type/sans_fonction/test.ml", line 233, characters 7-30
>
> File "tests/type/sans_fonction/test.ml", line 237, characters 0-172: testNumerateur4 threw Sans_fonction_type.Test.ErreurNonDetectee.
>   Raised at Sans_fonction_type__Test.(fun) in file "tests/type/sans_fonction/test.ml", line 240, characters 7-30
>
> File "tests/type/sans_fonction/test.ml", line 244, characters 0-173: testNumerateur5 threw Sans_fonction_type.Test.ErreurNonDetectee.
>   Raised at Sans_fonction_type__Test.(fun) in file "tests/type/sans_fonction/test.ml", line 247, characters 7-30
>
> File "tests/type/sans_fonction/test.ml", line 257, characters 0-177: testDenominateur3 threw Sans_fonction_type.Test.ErreurNonDetectee.
>   Raised at Sans_fonction_type__Test.(fun) in file "tests/type/sans_fonction/test.ml", line 260, characters 7-30
>
> File "tests/type/sans_fonction/test.ml", line 264, characters 0-176: testDenominateur4 threw Sans_fonction_type.Test.ErreurNonDetectee.
>   Raised at Sans_fonction_type__Test.(fun) in file "tests/type/sans_fonction/test.ml", line 267, characters 7-30
>
> File "tests/type/sans_fonction/test.ml", line 271, characters 0-177: testDenominateur5 threw Sans_fonction_type.Test.ErreurNonDetectee.
>   Raised at Sans_fonction_type__Test.(fun) in file "tests/type/sans_fonction/test.ml", line 274, characters 7-30
>
> File "tests/type/sans_fonction/test.ml", line 287, characters 0-162: testIdent4 threw Sans_fonction_type.Test.ErreurNonDetectee.
>   Raised at Sans_fonction_type__Test.(fun) in file "tests/type/sans_fonction/test.ml", line 290, characters 7-30
>
> File "tests/type/sans_fonction/test.ml", line 294, characters 0-163: testIdent5 threw Sans_fonction_type.Test.ErreurNonDetectee.
>   Raised at Sans_fonction_type__Test.(fun) in file "tests/type/sans_fonction/test.ml", line 297, characters 7-30
>
> File "tests/type/sans_fonction/test.ml", line 301, characters 0-163: testIdent6 threw Sans_fonction_type.Test.ErreurNonDetectee.
>   Raised at Sans_fonction_type__Test.(fun) in file "tests/type/sans_fonction/test.ml", line 304, characters 7-30
>
> File "tests/type/sans_fonction/test.ml", line 308, characters 0-162: testIdent7 threw Sans_fonction_type.Test.ErreurNonDetectee.
>   Raised at Sans_fonction_type__Test.(fun) in file "tests/type/sans_fonction/test.ml", line 311, characters 7-30
>
> File "tests/type/sans_fonction/test.ml", line 315, characters 0-163: testIdent8 threw Sans_fonction_type.Test.ErreurNonDetectee.
>   Raised at Sans_fonction_type__Test.(fun) in file "tests/type/sans_fonction/test.ml", line 318, characters 7-30
>
> File "tests/type/sans_fonction/test.ml", line 322, characters 0-163: testIdent9 threw Sans_fonction_type.Test.ErreurNonDetectee.
>   Raised at Sans_fonction_type__Test.(fun) in file "tests/type/sans_fonction/test.ml", line 325, characters 7-30
>
> File "tests/type/sans_fonction/test.ml", line 335, characters 0-186: testOperation3 threw Sans_fonction_type.Test.ErreurNonDetectee.
>   Raised at Sans_fonction_type__Test.(fun) in file "tests/type/sans_fonction/test.ml", line 338, characters 7-30
>
> File "tests/type/sans_fonction/test.ml", line 342, characters 0-183: testOperation4 threw Sans_fonction_type.Test.ErreurNonDetectee.
>   Raised at Sans_fonction_type__Test.(fun) in file "tests/type/sans_fonction/test.ml", line 345, characters 7-30
>
> File "tests/type/sans_fonction/test.ml", line 361, characters 0-186: testOperation9 threw Sans_fonction_type.Test.ErreurNonDetectee.
>   Raised at Sans_fonction_type__Test.(fun) in file "tests/type/sans_fonction/test.ml", line 364, characters 7-30
>
> File "tests/type/sans_fonction/test.ml", line 368, characters 0-185: testOperation10 threw Sans_fonction_type.Test.ErreurNonDetectee.
>   Raised at Sans_fonction_type__Test.(fun) in file "tests/type/sans_fonction/test.ml", line 371, characters 7-30
>
> File "tests/type/sans_fonction/test.ml", line 375, characters 0-187: testOperation11 threw Sans_fonction_type.Test.ErreurNonDetectee.
>   Raised at Sans_fonction_type__Test.(fun) in file "tests/type/sans_fonction/test.ml", line 378, characters 7-30
>
> FAILED 40 / 70 tests
[2]
